<?xml version="1.0" encoding="UTF-8"?>
<!-- Generated by org.testng.reporters.JUnitReportReporter -->
<testsuite hostname="Miki" name="com.zpi.plagiarism_detector.server.core.ServerTest" tests="2" failures="0" timestamp="26 Nov 2014 06:27:03 GMT" time="1.098" errors="0">
  <testcase name="handleConnectionsInterruptTest" time="0.031" classname="com.zpi.plagiarism_detector.server.core.ServerTest"/>
  <testcase name="handleConnectionsException" time="1.067" classname="com.zpi.plagiarism_detector.server.core.ServerTest"/>
</testsuite> <!-- com.zpi.plagiarism_detector.server.core.ServerTest -->
