<?xml version="1.0" encoding="UTF-8"?>
<!-- Generated by org.testng.reporters.JUnitReportReporter -->
<testsuite hostname="Miki" name="com.zpi.plagiarism_detector.server.factories.core.ServerFactoryTest" tests="1" failures="0" timestamp="26 Nov 2014 06:27:03 GMT" time="0.078" errors="0">
  <testcase name="testCreateWithCorrectParams" time="0.078" classname="com.zpi.plagiarism_detector.server.factories.core.ServerFactoryTest"/>
</testsuite> <!-- com.zpi.plagiarism_detector.server.factories.core.ServerFactoryTest -->
