<?xml version="1.0" encoding="UTF-8"?>
<!-- Generated by org.testng.reporters.JUnitReportReporter -->
<testsuite hostname="Miki" name="com.zpi.plagiarism_detector.server.data.MonitorTest" tests="2" failures="0" timestamp="26 Nov 2014 06:27:03 GMT" time="0.047" errors="0">
  <testcase name="isNewFileIsNotCreatingFileTest" time="0.047" classname="com.zpi.plagiarism_detector.server.data.MonitorTest"/>
  <testcase name="testFileEquality" time="0.000" classname="com.zpi.plagiarism_detector.server.data.MonitorTest"/>
</testsuite> <!-- com.zpi.plagiarism_detector.server.data.MonitorTest -->
