<?xml version="1.0" encoding="UTF-8"?>
<!-- Generated by org.testng.reporters.JUnitReportReporter -->
<testsuite hostname="Miki" name="com.zpi.plagiarism_detector.server.data.ServerDataTest" tests="6" failures="0" timestamp="26 Nov 2014 06:27:03 GMT" time="0.094" errors="0">
  <testcase name="saveDocument_withNullArticleAndCodesSuccessTest" time="0.001" classname="com.zpi.plagiarism_detector.server.data.ServerDataTest"/>
  <testcase name="getCommonKeywordDocuments_NonEmptyKeywordSet" time="0.047" classname="com.zpi.plagiarism_detector.server.data.ServerDataTest"/>
  <testcase name="saveDocument_articleWithNameThatExists_AddPostfixSuccessTest" time="0.003" classname="com.zpi.plagiarism_detector.server.data.ServerDataTest"/>
  <testcase name="saveDocument_withDocumentAndCodesSuccessTest" time="0.003" classname="com.zpi.plagiarism_detector.server.data.ServerDataTest"/>
  <testcase name="saveDocument_nullArgExceptionTest" time="0.003" classname="com.zpi.plagiarism_detector.server.data.ServerDataTest"/>
  <testcase name="saveDocument_NonNullDocWithoutCodesSuccessTest" time="0.037" classname="com.zpi.plagiarism_detector.server.data.ServerDataTest"/>
</testsuite> <!-- com.zpi.plagiarism_detector.server.data.ServerDataTest -->
