<?xml version="1.0" encoding="UTF-8"?>
<!-- Generated by org.testng.reporters.JUnitReportReporter -->
<testsuite hostname="Miki" name="com.zpi.plagiarism_detector.server.handlers.ConnectionHandlerTest" tests="5" failures="0" timestamp="26 Nov 2014 06:27:03 GMT" time="0.047" errors="0">
  <testcase name="runSuccessTest" time="0.000" classname="com.zpi.plagiarism_detector.server.handlers.ConnectionHandlerTest"/>
  <testcase name="freeHandlerResourcesNullMessageHandlerTest" time="0.000" classname="com.zpi.plagiarism_detector.server.handlers.ConnectionHandlerTest"/>
  <testcase name="runClassNotFoundExceptionTest" time="0.016" classname="com.zpi.plagiarism_detector.server.handlers.ConnectionHandlerTest"/>
  <testcase name="runIOExceptionTest" time="0.031" classname="com.zpi.plagiarism_detector.server.handlers.ConnectionHandlerTest"/>
  <testcase name="freeHandlerResourcesClientSocketIOExceptionTest" time="0.000" classname="com.zpi.plagiarism_detector.server.handlers.ConnectionHandlerTest"/>
</testsuite> <!-- com.zpi.plagiarism_detector.server.handlers.ConnectionHandlerTest -->
