<?xml version="1.0" encoding="UTF-8"?>
<!-- Generated by org.testng.reporters.JUnitReportReporter -->
<testsuite hostname="Miki" name="com.zpi.plagiarism_detector.server.database.ArticleTest" tests="5" failures="0" timestamp="26 Nov 2014 06:27:03 GMT" time="0.016" errors="0">
  <testcase name="equalityTest_otherReferencesNotEqual" time="0.016" classname="com.zpi.plagiarism_detector.server.database.ArticleTest"/>
  <testcase name="equalityTest_sameReferenceEqual" time="0.000" classname="com.zpi.plagiarism_detector.server.database.ArticleTest"/>
  <testcase name="equalityTest_nullNotEqual" time="0.000" classname="com.zpi.plagiarism_detector.server.database.ArticleTest"/>
  <testcase name="equalityTest_objectNotEqual" time="0.000" classname="com.zpi.plagiarism_detector.server.database.ArticleTest"/>
  <testcase name="equalityTest_otherReferencesButEqual" time="0.000" classname="com.zpi.plagiarism_detector.server.database.ArticleTest"/>
</testsuite> <!-- com.zpi.plagiarism_detector.server.database.ArticleTest -->
