<?xml version="1.0" encoding="UTF-8"?>
<!-- Generated by org.testng.reporters.JUnitReportReporter -->
<testsuite hostname="Miki" name="com.zpi.plagiarism_detector.server.handlers.MessageHandlerTest" tests="2" failures="0" timestamp="26 Nov 2014 06:27:03 GMT" time="0.032" errors="0">
  <testcase name="tryReadMessageClassNotFoundTest" time="0.016" classname="com.zpi.plagiarism_detector.server.handlers.MessageHandlerTest"/>
  <testcase name="tryReadMessageIOExceptionTest" time="0.016" classname="com.zpi.plagiarism_detector.server.handlers.MessageHandlerTest"/>
</testsuite> <!-- com.zpi.plagiarism_detector.server.handlers.MessageHandlerTest -->
