<?xml version="1.0" encoding="UTF-8"?>
<!-- Generated by org.testng.reporters.JUnitReportReporter -->
<testsuite hostname="Miki" name="com.zpi.plagiarism_detector.server.sourcecode.SourceCodeTest" tests="3" failures="0" timestamp="26 Nov 2014 06:27:03 GMT" time="0.182" errors="0">
  <testcase name="testAdd2" time="0.004" classname="com.zpi.plagiarism_detector.server.sourcecode.SourceCodeTest"/>
  <testcase name="testAdd" time="0.016" classname="com.zpi.plagiarism_detector.server.sourcecode.SourceCodeTest"/>
  <testcase name="testRecognizeLanguage" time="0.162" classname="com.zpi.plagiarism_detector.server.sourcecode.SourceCodeTest"/>
</testsuite> <!-- com.zpi.plagiarism_detector.server.sourcecode.SourceCodeTest -->
