<?xml version="1.0" encoding="UTF-8"?>
<!-- Generated by org.testng.reporters.JUnitReportReporter -->
<testsuite hostname="Miki" name="com.zpi.plagiarism_detector.server.handlers.MessageDispatcherTest" tests="4" failures="0" timestamp="26 Nov 2014 06:27:03 GMT" time="0.000" errors="0">
  <testcase name="dispatchMessage_messagePlagiarismCheckWithAllParametersReturnCorrectResultTest" time="0.000" classname="com.zpi.plagiarism_detector.server.handlers.MessageDispatcherTest"/>
  <testcase name="dispatchMessage_messagePlagiarismCheckWithNullMessageReturnsErrorResponseTest" time="0.000" classname="com.zpi.plagiarism_detector.server.handlers.MessageDispatcherTest"/>
  <testcase name="dispatchMessage_nullMessageFailureTest" time="0.000" classname="com.zpi.plagiarism_detector.server.handlers.MessageDispatcherTest"/>
  <testcase name="equalityTest" time="0.000" classname="com.zpi.plagiarism_detector.server.handlers.MessageDispatcherTest"/>
</testsuite> <!-- com.zpi.plagiarism_detector.server.handlers.MessageDispatcherTest -->
