<?xml version="1.0" encoding="UTF-8"?>
<!-- Generated by org.testng.reporters.JUnitReportReporter -->
<testsuite hostname="Miki" name="com.zpi.plagiarism_detector.server.detector.PlagiarismDetectorTest" tests="1" failures="0" timestamp="26 Nov 2014 06:27:03 GMT" time="0.016" errors="0">
  <testcase name="checkForPlagiarism_nullDocumentThrowsNullPointerExceptionTest" time="0.016" classname="com.zpi.plagiarism_detector.server.detector.PlagiarismDetectorTest"/>
</testsuite> <!-- com.zpi.plagiarism_detector.server.detector.PlagiarismDetectorTest -->
