<?xml version="1.0" encoding="UTF-8"?>
<testsuite name="TestSuite" time="0.786" tests="32" errors="0" skipped="0" failures="0">
  <properties>
    <property name="java.runtime.name" value="Java(TM) SE Runtime Environment"/>
    <property name="sun.boot.library.path" value="C:\Program Files\Java\jdk1.8.0_25\jre\bin"/>
    <property name="java.vm.version" value="25.25-b02"/>
    <property name="user.country.format" value="PL"/>
    <property name="java.vm.vendor" value="Oracle Corporation"/>
    <property name="java.vendor.url" value="http://java.oracle.com/"/>
    <property name="path.separator" value=";"/>
    <property name="guice.disable.misplaced.annotation.check" value="true"/>
    <property name="java.vm.name" value="Java HotSpot(TM) 64-Bit Server VM"/>
    <property name="file.encoding.pkg" value="sun.io"/>
    <property name="user.script" value=""/>
    <property name="user.country" value="US"/>
    <property name="sun.java.launcher" value="SUN_STANDARD"/>
    <property name="sun.os.patch.level" value=""/>
    <property name="java.vm.specification.name" value="Java Virtual Machine Specification"/>
    <property name="user.dir" value="S:\ZPI\plagiat system\plagiat-system"/>
    <property name="java.runtime.version" value="1.8.0_25-b18"/>
    <property name="java.awt.graphicsenv" value="sun.awt.Win32GraphicsEnvironment"/>
    <property name="java.endorsed.dirs" value="C:\Program Files\Java\jdk1.8.0_25\jre\lib\endorsed"/>
    <property name="os.arch" value="amd64"/>
    <property name="java.io.tmpdir" value="C:\Users\MIKOL_~1\AppData\Local\Temp\"/>
    <property name="line.separator" value="&#10;"/>
    <property name="java.vm.specification.vendor" value="Oracle Corporation"/>
    <property name="user.variant" value=""/>
    <property name="os.name" value="Windows 8.1"/>
    <property name="classworlds.conf" value="R:\Maven\apache-maven-3.2.1\bin\m2.conf"/>
    <property name="sun.jnu.encoding" value="Cp1252"/>
    <property name="java.library.path" value="C:\Program Files\Java\jdk1.8.0_25\bin;C:\Windows\Sun\Java\bin;C:\Windows\system32;C:\Windows;C:\Program Files (x86)\NVIDIA Corporation\PhysX\Common;C:\Program Files\NVIDIA GPU Computing Toolkit\CUDA\v6.0\bin;C:\Program Files\NVIDIA GPU Computing Toolkit\CUDA\v6.0\libnvvp;C:\Windows\system32;C:\Windows;C:\Windows\System32\Wbem;C:\Windows\System32\WindowsPowerShell\v1.0\;C:\Program Files\MATLAB\R2013a\runtime\win64;C:\Program Files\MATLAB\R2013a\bin;C:\Program Files\Microsoft\Web Platform Installer\;C:\Program Files (x86)\Microsoft ASP.NET\ASP.NET Web Pages\v1.0\;C:\Program Files\Microsoft SQL Server\110\Tools\Binn\;C:\Users\mikol_000\Documents\Visual Studio 2012\Projects\Project1\opencv\opencv\build\x86\vc12\bin;C:\Program Files (x86)\Windows Kits\8.1\Windows Performance Toolkit\;R:\opencv\build\x64\vc12\bin;C:\Program Files\OpenVPN\bin;C:\Program Files\Java\jdk1.8.0_25\bin\java;R:\Maven\apache-maven-3.2.1\bin;R:\opencv\build\x64\vc12\bin;."/>
    <property name="java.specification.name" value="Java Platform API Specification"/>
    <property name="java.class.version" value="52.0"/>
    <property name="sun.management.compiler" value="HotSpot 64-Bit Tiered Compilers"/>
    <property name="os.version" value="6.3"/>
    <property name="user.home" value="C:\Users\mikol_000"/>
    <property name="user.timezone" value="Europe/Belgrade"/>
    <property name="java.awt.printerjob" value="sun.awt.windows.WPrinterJob"/>
    <property name="java.specification.version" value="1.8"/>
    <property name="file.encoding" value="Cp1252"/>
    <property name="user.name" value="mikol_000"/>
    <property name="java.class.path" value="R:\Maven\apache-maven-3.2.1\boot\plexus-classworlds-2.5.1.jar"/>
    <property name="org.slf4j.simpleLogger.defaultLogLevel" value="info"/>
    <property name="java.vm.specification.version" value="1.8"/>
    <property name="sun.arch.data.model" value="64"/>
    <property name="java.home" value="C:\Program Files\Java\jdk1.8.0_25\jre"/>
    <property name="sun.java.command" value="org.codehaus.plexus.classworlds.launcher.Launcher clean install"/>
    <property name="java.specification.vendor" value="Oracle Corporation"/>
    <property name="user.language" value="en"/>
    <property name="user.language.format" value="pl"/>
    <property name="awt.toolkit" value="sun.awt.windows.WToolkit"/>
    <property name="java.vm.info" value="mixed mode"/>
    <property name="java.version" value="1.8.0_25"/>
    <property name="java.ext.dirs" value="C:\Program Files\Java\jdk1.8.0_25\jre\lib\ext;C:\Windows\Sun\Java\lib\ext"/>
    <property name="sun.boot.class.path" value="C:\Program Files\Java\jdk1.8.0_25\jre\lib\resources.jar;C:\Program Files\Java\jdk1.8.0_25\jre\lib\rt.jar;C:\Program Files\Java\jdk1.8.0_25\jre\lib\sunrsasign.jar;C:\Program Files\Java\jdk1.8.0_25\jre\lib\jsse.jar;C:\Program Files\Java\jdk1.8.0_25\jre\lib\jce.jar;C:\Program Files\Java\jdk1.8.0_25\jre\lib\charsets.jar;C:\Program Files\Java\jdk1.8.0_25\jre\lib\jfr.jar;C:\Program Files\Java\jdk1.8.0_25\jre\classes"/>
    <property name="sun.stderr.encoding" value="cp437"/>
    <property name="java.vendor" value="Oracle Corporation"/>
    <property name="maven.home" value="R:\Maven\apache-maven-3.2.1"/>
    <property name="file.separator" value="\"/>
    <property name="java.vendor.url.bug" value="http://bugreport.sun.com/bugreport/"/>
    <property name="sun.cpu.endian" value="little"/>
    <property name="sun.io.unicode.encoding" value="UnicodeLittle"/>
    <property name="sun.stdout.encoding" value="cp437"/>
    <property name="sun.desktop" value="windows"/>
    <property name="sun.cpu.isalist" value="amd64"/>
  </properties>
  <testcase name="handleConnectionsException" classname="com.zpi.plagiarism_detector.server.core.ServerTest" time="0.551"/>
  <testcase name="handleConnectionsInterruptTest" classname="com.zpi.plagiarism_detector.server.core.ServerTest" time="0.031"/>
  <testcase name="isNewFileIsNotCreatingFileTest" classname="com.zpi.plagiarism_detector.server.data.MonitorTest" time="0.047"/>
  <testcase name="testFileEquality" classname="com.zpi.plagiarism_detector.server.data.MonitorTest" time="0"/>
  <testcase name="getCommonKeywordDocuments_NonEmptyKeywordSet" classname="com.zpi.plagiarism_detector.server.data.ServerDataTest" time="0"/>
  <testcase name="saveDocument_NonNullDocWithoutCodesSuccessTest" classname="com.zpi.plagiarism_detector.server.data.ServerDataTest" time="0.02"/>
  <testcase name="saveDocument_articleWithNameThatExists_AddPostfixSuccessTest" classname="com.zpi.plagiarism_detector.server.data.ServerDataTest" time="0.003"/>
  <testcase name="saveDocument_nullArgExceptionTest" classname="com.zpi.plagiarism_detector.server.data.ServerDataTest" time="0"/>
  <testcase name="saveDocument_withDocumentAndCodesSuccessTest" classname="com.zpi.plagiarism_detector.server.data.ServerDataTest" time="0.001"/>
  <testcase name="saveDocument_withNullArticleAndCodesSuccessTest" classname="com.zpi.plagiarism_detector.server.data.ServerDataTest" time="0"/>
  <testcase name="equalityTest_nullNotEqual" classname="com.zpi.plagiarism_detector.server.database.ArticleTest" time="0"/>
  <testcase name="equalityTest_objectNotEqual" classname="com.zpi.plagiarism_detector.server.database.ArticleTest" time="0"/>
  <testcase name="equalityTest_otherReferencesButEqual" classname="com.zpi.plagiarism_detector.server.database.ArticleTest" time="0"/>
  <testcase name="equalityTest_otherReferencesNotEqual" classname="com.zpi.plagiarism_detector.server.database.ArticleTest" time="0"/>
  <testcase name="equalityTest_sameReferenceEqual" classname="com.zpi.plagiarism_detector.server.database.ArticleTest" time="0"/>
  <testcase name="checkForPlagiarism_nullDocumentThrowsNullPointerExceptionTest" classname="com.zpi.plagiarism_detector.server.detector.PlagiarismDetectorTest" time="0"/>
  <testcase name="testCreateWithCorrectParams" classname="com.zpi.plagiarism_detector.server.factories.core.ServerFactoryTest" time="0.078"/>
  <testcase name="freeHandlerResourcesClientSocketIOExceptionTest" classname="com.zpi.plagiarism_detector.server.handlers.ConnectionHandlerTest" time="0"/>
  <testcase name="freeHandlerResourcesNullMessageHandlerTest" classname="com.zpi.plagiarism_detector.server.handlers.ConnectionHandlerTest" time="0"/>
  <testcase name="runClassNotFoundExceptionTest" classname="com.zpi.plagiarism_detector.server.handlers.ConnectionHandlerTest" time="0.016"/>
  <testcase name="runIOExceptionTest" classname="com.zpi.plagiarism_detector.server.handlers.ConnectionHandlerTest" time="0.015"/>
  <testcase name="runSuccessTest" classname="com.zpi.plagiarism_detector.server.handlers.ConnectionHandlerTest" time="0"/>
  <testcase name="dispatchMessage_messagePlagiarismCheckWithAllParametersReturnCorrectResultTest" classname="com.zpi.plagiarism_detector.server.handlers.MessageDispatcherTest" time="0"/>
  <testcase name="dispatchMessage_messagePlagiarismCheckWithNullMessageReturnsErrorResponseTest" classname="com.zpi.plagiarism_detector.server.handlers.MessageDispatcherTest" time="0"/>
  <testcase name="dispatchMessage_nullMessageFailureTest" classname="com.zpi.plagiarism_detector.server.handlers.MessageDispatcherTest" time="0"/>
  <testcase name="equalityTest" classname="com.zpi.plagiarism_detector.server.handlers.MessageDispatcherTest" time="0"/>
  <testcase name="tryReadMessageClassNotFoundTest" classname="com.zpi.plagiarism_detector.server.handlers.MessageHandlerTest" time="0.016"/>
  <testcase name="tryReadMessageIOExceptionTest" classname="com.zpi.plagiarism_detector.server.handlers.MessageHandlerTest" time="0"/>
  <testcase name="testRefleciton" classname="com.zpi.plagiarism_detector.server.ServerPropertiesTest" time="0"/>
  <testcase name="testAdd" classname="com.zpi.plagiarism_detector.server.sourcecode.SourceCodeTest" time="0.001"/>
  <testcase name="testAdd2" classname="com.zpi.plagiarism_detector.server.sourcecode.SourceCodeTest" time="0.004"/>
  <testcase name="testRecognizeLanguage" classname="com.zpi.plagiarism_detector.server.sourcecode.SourceCodeTest" time="0.003"/>
</testsuite>