<?xml version="1.0" encoding="UTF-8"?>
<!-- Generated by org.testng.reporters.JUnitReportReporter -->
<testsuite hostname="Miki" name="itest.com.zpi.plagiarism_detector.server.core.ServerIT" tests="1" failures="0" timestamp="26 Nov 2014 06:27:32 GMT" time="0.016" errors="0">
  <testcase name="test1" time="0.016" classname="itest.com.zpi.plagiarism_detector.server.core.ServerIT"/>
</testsuite> <!-- itest.com.zpi.plagiarism_detector.server.core.ServerIT -->
