<?xml version="1.0" encoding="UTF-8"?>
<!-- Generated by org.testng.reporters.JUnitReportReporter -->
<testsuite hostname="Miki" name="com.zpi.plagiarism_detector.client.model.io.ClientWriterTest" tests="4" failures="0" timestamp="26 Nov 2014 06:27:37 GMT" time="0.062" errors="0">
  <testcase name="writeMessage_succesWithNonNullMessage" time="0.031" classname="com.zpi.plagiarism_detector.client.model.io.ClientWriterTest"/>
  <testcase name="run_OneMessageInQueueSuccessTest" time="0.016" classname="com.zpi.plagiarism_detector.client.model.io.ClientWriterTest"/>
  <testcase name="writeMessage_nullMessageThrowsNullPointerException" time="0.015" classname="com.zpi.plagiarism_detector.client.model.io.ClientWriterTest"/>
  <testcase name="run_NoMessagesInQueueSuccessTest" time="0.000" classname="com.zpi.plagiarism_detector.client.model.io.ClientWriterTest"/>
</testsuite> <!-- com.zpi.plagiarism_detector.client.model.io.ClientWriterTest -->
