<?xml version="1.0" encoding="UTF-8"?>
<!-- Generated by org.testng.reporters.JUnitReportReporter -->
<testsuite hostname="Miki" name="com.zpi.plagiarism_detector.client.model.core.ClientTest" tests="1" failures="0" timestamp="26 Nov 2014 06:27:37 GMT" time="0.453" errors="0">
  <testcase name="update_UpdateRegisteredObserverAndChangeStatusToUnchangedTest" time="0.453" classname="com.zpi.plagiarism_detector.client.model.core.ClientTest"/>
</testsuite> <!-- com.zpi.plagiarism_detector.client.model.core.ClientTest -->
