<?xml version="1.0" encoding="UTF-8"?>
<!-- Generated by org.testng.reporters.JUnitReportReporter -->
<testsuite hostname="Miki" name="com.zpi.plagiarism_detector.client.model.io.ClientReaderTest" tests="6" failures="0" timestamp="26 Nov 2014 06:27:37 GMT" time="0.078" errors="0">
  <testcase name="close_IOExceptionSuccessTest" time="0.032" classname="com.zpi.plagiarism_detector.client.model.io.ClientReaderTest"/>
  <testcase name="receiveMessages_ClassNotFoundExceptionThrownTest" time="0.000" classname="com.zpi.plagiarism_detector.client.model.io.ClientReaderTest"/>
  <testcase name="closeSuccessTest" time="0.015" classname="com.zpi.plagiarism_detector.client.model.io.ClientReaderTest"/>
  <testcase name="receiveMessages_OneMessageReceivedSuccessTest" time="0.031" classname="com.zpi.plagiarism_detector.client.model.io.ClientReaderTest"/>
  <testcase name="receiveMessages_IOExceptionThrownTest" time="0.000" classname="com.zpi.plagiarism_detector.client.model.io.ClientReaderTest"/>
  <testcase name="receiveMessages_ZeroMessagesReceivedSuccessTest" time="0.000" classname="com.zpi.plagiarism_detector.client.model.io.ClientReaderTest"/>
</testsuite> <!-- com.zpi.plagiarism_detector.client.model.io.ClientReaderTest -->
