<?xml version="1.0" encoding="UTF-8"?>
<!-- Generated by org.testng.reporters.JUnitReportReporter -->
<testsuite hostname="Miki" name="com.zpi.plagiarism_detector.commons.util.TypeUtilsTest" tests="7" failures="0" timestamp="26 Nov 2014 06:26:45 GMT" time="0.000" errors="0">
  <testcase name="isPrimitiveTypeClassNullArgTest" time="0.000" classname="com.zpi.plagiarism_detector.commons.util.TypeUtilsTest"/>
  <testcase name="isPrimitiveTypeClassCorrectValuesTest" time="0.000" classname="com.zpi.plagiarism_detector.commons.util.TypeUtilsTest"/>
  <testcase name="obtainTypeObjectTest" time="0.000" classname="com.zpi.plagiarism_detector.commons.util.TypeUtilsTest"/>
  <testcase name="isPrimitiveTypeObjNullArgTest" time="0.000" classname="com.zpi.plagiarism_detector.commons.util.TypeUtilsTest"/>
  <testcase name="obtainTypeNullArgTest" time="0.000" classname="com.zpi.plagiarism_detector.commons.util.TypeUtilsTest"/>
  <testcase name="isPrimitiveTypeObjectCorrectValuesTest" time="0.000" classname="com.zpi.plagiarism_detector.commons.util.TypeUtilsTest"/>
  <testcase name="obtainTypePrimitiveTest" time="0.000" classname="com.zpi.plagiarism_detector.commons.util.TypeUtilsTest"/>
</testsuite> <!-- com.zpi.plagiarism_detector.commons.util.TypeUtilsTest -->
