<?xml version="1.0" encoding="UTF-8"?>
<!-- Generated by org.testng.reporters.JUnitReportReporter -->
<testsuite hostname="Miki" name="com.zpi.plagiarism_detector.commons.util.ObservableTest" tests="3" failures="0" timestamp="26 Nov 2014 06:26:45 GMT" time="0.141" errors="0">
  <testcase name="notifyObservers_NotifyObserverTriggersUpdateWithParameter" time="0.125" classname="com.zpi.plagiarism_detector.commons.util.ObservableTest"/>
  <testcase name="notifyObservers_NotifyObserverTriggersUpdateWithoutParameter" time="0.000" classname="com.zpi.plagiarism_detector.commons.util.ObservableTest"/>
  <testcase name="notifyObservers_NotifyObserverTriggersUpdateWithNullParameter" time="0.016" classname="com.zpi.plagiarism_detector.commons.util.ObservableTest"/>
</testsuite> <!-- com.zpi.plagiarism_detector.commons.util.ObservableTest -->
