<?xml version="1.0" encoding="UTF-8"?>
<!-- Generated by org.testng.reporters.JUnitReportReporter -->
<testsuite hostname="Miki" name="com.zpi.plagiarism_detector.commons.util.TestUtilsTest" tests="3" failures="0" timestamp="26 Nov 2014 06:26:45 GMT" time="0.000" errors="0">
  <testcase name="callPrivateMethodWithObjectArgTest" time="0.000" classname="com.zpi.plagiarism_detector.commons.util.TestUtilsTest"/>
  <testcase name="callPrivateMethodNoArgTestTest" time="0.000" classname="com.zpi.plagiarism_detector.commons.util.TestUtilsTest"/>
  <testcase name="callPrivateMethodWithPrimitiveArgTest" time="0.000" classname="com.zpi.plagiarism_detector.commons.util.TestUtilsTest"/>
</testsuite> <!-- com.zpi.plagiarism_detector.commons.util.TestUtilsTest -->
