<?xml version="1.0" encoding="UTF-8"?>
<!-- Generated by org.testng.reporters.JUnitReportReporter -->
<testsuite hostname="Miki" name="com.zpi.plagiarism_detector.commons.protocol.MessageTest" tests="3" failures="0" timestamp="26 Nov 2014 06:26:45 GMT" time="0.016" errors="0">
  <testcase name="toString_NullCodeParam" time="0.000" classname="com.zpi.plagiarism_detector.commons.protocol.MessageTest"/>
  <testcase name="toString_NullSentObjectParam" time="0.000" classname="com.zpi.plagiarism_detector.commons.protocol.MessageTest"/>
  <testcase name="toString_NonNullParams" time="0.016" classname="com.zpi.plagiarism_detector.commons.protocol.MessageTest"/>
</testsuite> <!-- com.zpi.plagiarism_detector.commons.protocol.MessageTest -->
